2012-07-29 04:07:06 Error: [MissingControllerException] Controller class Install.phpController could not be found.
#0 /Users/alairock/Sites/eatpaste/app/webroot/index.php(92): Dispatcher->dispatch(Object(CakeRequest), Object(CakeResponse))
#1 {main}
2012-07-29 04:14:12 Error: [MissingControllerException] Controller class Controller could not be found.
#0 /Users/alairock/Sites/eatpaste/app/webroot/index.php(92): Dispatcher->dispatch(Object(CakeRequest), Object(CakeResponse))
#1 {main}
2012-07-29 04:14:13 Error: [MissingControllerException] Controller class Controller could not be found.
#0 /Users/alairock/Sites/eatpaste/app/webroot/index.php(92): Dispatcher->dispatch(Object(CakeRequest), Object(CakeResponse))
#1 {main}
2012-07-29 04:14:14 Error: [MissingControllerException] Controller class Controller could not be found.
#0 /Users/alairock/Sites/eatpaste/app/webroot/index.php(92): Dispatcher->dispatch(Object(CakeRequest), Object(CakeResponse))
#1 {main}
2012-07-29 04:14:15 Error: [MissingControllerException] Controller class Controller could not be found.
#0 /Users/alairock/Sites/eatpaste/app/webroot/index.php(92): Dispatcher->dispatch(Object(CakeRequest), Object(CakeResponse))
#1 {main}
2012-07-29 04:14:56 Error: [MissingControllerException] Controller class PastesController could not be found.
#0 /Users/alairock/Sites/eatpaste/app/webroot/index.php(92): Dispatcher->dispatch(Object(CakeRequest), Object(CakeResponse))
#1 {main}
2012-07-29 04:14:59 Error: [MissingControllerException] Controller class PastesController could not be found.
#0 /Users/alairock/Sites/eatpaste/app/webroot/index.php(92): Dispatcher->dispatch(Object(CakeRequest), Object(CakeResponse))
#1 {main}
2012-07-29 04:22:38 Error: [MissingControllerException] Controller class PastesController could not be found.
#0 /Users/alairock/Sites/eatpaste/app/webroot/index.php(92): Dispatcher->dispatch(Object(CakeRequest), Object(CakeResponse))
#1 {main}
2012-07-29 04:22:56 Error: [MissingControllerException] Controller class PastesController could not be found.
#0 /Users/alairock/Sites/eatpaste/app/webroot/index.php(92): Dispatcher->dispatch(Object(CakeRequest), Object(CakeResponse))
#1 {main}
2012-07-29 04:22:56 Error: Fatal Error (1): Using $this when not in object context in [/Users/alairock/Sites/eatpaste/app/Config/database.php, line 60]
2012-07-29 04:22:56 Error: [FatalErrorException] Using $this when not in object context
#0 /Users/alairock/Sites/eatpaste/lib/Cake/Error/ErrorHandler.php(162): ErrorHandler::handleFatalError(1, 'Using $this whe...', '/Users/alairock...', 60)
#1 [internal function]: ErrorHandler::handleError(1, 'Using $this whe...', '/Users/alairock...', 60, Array)
#2 /Users/alairock/Sites/eatpaste/lib/Cake/Core/App.php(926): call_user_func('ErrorHandler::h...', 1, 'Using $this whe...', '/Users/alairock...', 60, Array)
#3 /Users/alairock/Sites/eatpaste/lib/Cake/Core/App.php(899): App::_checkFatalError()
#4 [internal function]: App::shutdown()
#5 {main}
2012-07-29 04:25:36 Error: [MissingControllerException] Controller class PastesController could not be found.
#0 /Users/alairock/Sites/eatpaste/app/webroot/index.php(92): Dispatcher->dispatch(Object(CakeRequest), Object(CakeResponse))
#1 {main}
2012-07-29 04:25:36 Error: Fatal Error (1): Using $this when not in object context in [/Users/alairock/Sites/eatpaste/app/Config/database.php, line 62]
2012-07-29 04:25:36 Error: [FatalErrorException] Using $this when not in object context
#0 /Users/alairock/Sites/eatpaste/lib/Cake/Error/ErrorHandler.php(162): ErrorHandler::handleFatalError(1, 'Using $this whe...', '/Users/alairock...', 62)
#1 [internal function]: ErrorHandler::handleError(1, 'Using $this whe...', '/Users/alairock...', 62, Array)
#2 /Users/alairock/Sites/eatpaste/lib/Cake/Core/App.php(926): call_user_func('ErrorHandler::h...', 1, 'Using $this whe...', '/Users/alairock...', 62, Array)
#3 /Users/alairock/Sites/eatpaste/lib/Cake/Core/App.php(899): App::_checkFatalError()
#4 [internal function]: App::shutdown()
#5 {main}
2012-07-29 04:25:37 Error: [MissingControllerException] Controller class PastesController could not be found.
#0 /Users/alairock/Sites/eatpaste/app/webroot/index.php(92): Dispatcher->dispatch(Object(CakeRequest), Object(CakeResponse))
#1 {main}
2012-07-29 04:25:37 Error: Fatal Error (1): Using $this when not in object context in [/Users/alairock/Sites/eatpaste/app/Config/database.php, line 62]
2012-07-29 04:25:37 Error: [FatalErrorException] Using $this when not in object context
#0 /Users/alairock/Sites/eatpaste/lib/Cake/Error/ErrorHandler.php(162): ErrorHandler::handleFatalError(1, 'Using $this whe...', '/Users/alairock...', 62)
#1 [internal function]: ErrorHandler::handleError(1, 'Using $this whe...', '/Users/alairock...', 62, Array)
#2 /Users/alairock/Sites/eatpaste/lib/Cake/Core/App.php(926): call_user_func('ErrorHandler::h...', 1, 'Using $this whe...', '/Users/alairock...', 62, Array)
#3 /Users/alairock/Sites/eatpaste/lib/Cake/Core/App.php(899): App::_checkFatalError()
#4 [internal function]: App::shutdown()
#5 {main}
2012-07-29 04:25:49 Error: Fatal Error (1): Using $this when not in object context in [/Users/alairock/Sites/eatpaste/app/Config/database.php, line 62]
2012-07-29 04:25:49 Error: [FatalErrorException] Using $this when not in object context
#0 /Users/alairock/Sites/eatpaste/lib/Cake/Error/ErrorHandler.php(162): ErrorHandler::handleFatalError(1, 'Using $this whe...', '/Users/alairock...', 62)
#1 [internal function]: ErrorHandler::handleError(1, 'Using $this whe...', '/Users/alairock...', 62, Array)
#2 /Users/alairock/Sites/eatpaste/lib/Cake/Core/App.php(926): call_user_func('ErrorHandler::h...', 1, 'Using $this whe...', '/Users/alairock...', 62, Array)
#3 /Users/alairock/Sites/eatpaste/lib/Cake/Core/App.php(899): App::_checkFatalError()
#4 [internal function]: App::shutdown()
#5 {main}
2012-07-29 04:25:51 Error: Fatal Error (1): Using $this when not in object context in [/Users/alairock/Sites/eatpaste/app/Config/database.php, line 62]
2012-07-29 04:25:51 Error: [FatalErrorException] Using $this when not in object context
#0 /Users/alairock/Sites/eatpaste/lib/Cake/Error/ErrorHandler.php(162): ErrorHandler::handleFatalError(1, 'Using $this whe...', '/Users/alairock...', 62)
#1 [internal function]: ErrorHandler::handleError(1, 'Using $this whe...', '/Users/alairock...', 62, Array)
#2 /Users/alairock/Sites/eatpaste/lib/Cake/Core/App.php(926): call_user_func('ErrorHandler::h...', 1, 'Using $this whe...', '/Users/alairock...', 62, Array)
#3 /Users/alairock/Sites/eatpaste/lib/Cake/Core/App.php(899): App::_checkFatalError()
#4 [internal function]: App::shutdown()
#5 {main}
2012-07-29 04:26:15 Error: Fatal Error (1): Allowed memory size of 134217728 bytes exhausted (tried to allocate 3430401 bytes) in [/Users/alairock/Sites/eatpaste/lib/Cake/basics.php, line 227]
2012-07-29 04:26:15 Error: [FatalErrorException] Allowed memory size of 134217728 bytes exhausted (tried to allocate 3430401 bytes)
#0 /Users/alairock/Sites/eatpaste/lib/Cake/Error/ErrorHandler.php(162): ErrorHandler::handleFatalError(1, 'Allowed memory ...', '/Users/alairock...', 227)
#1 [internal function]: ErrorHandler::handleError(1, 'Allowed memory ...', '/Users/alairock...', 227, Array)
#2 /Users/alairock/Sites/eatpaste/lib/Cake/Core/App.php(926): call_user_func('ErrorHandler::h...', 1, 'Allowed memory ...', '/Users/alairock...', 227, Array)
#3 /Users/alairock/Sites/eatpaste/lib/Cake/Core/App.php(899): App::_checkFatalError()
#4 [internal function]: App::shutdown()
#5 {main}
2012-07-29 04:36:34 Error: [MissingControllerException] Controller class PastesController could not be found.
#0 /Users/alairock/Sites/eatpaste/app/webroot/index.php(92): Dispatcher->dispatch(Object(CakeRequest), Object(CakeResponse))
#1 {main}
2012-07-29 04:36:35 Error: [MissingControllerException] Controller class PastesController could not be found.
#0 /Users/alairock/Sites/eatpaste/app/webroot/index.php(92): Dispatcher->dispatch(Object(CakeRequest), Object(CakeResponse))
#1 {main}
2012-07-29 04:41:53 Error: Fatal Error (4): parse error in [/Users/alairock/Sites/eatpaste/app/View/Pages/home.ctp, line 52]
2012-07-29 04:41:53 Error: [FatalErrorException] parse error
#0 /Users/alairock/Sites/eatpaste/lib/Cake/Error/ErrorHandler.php(162): ErrorHandler::handleFatalError(4, 'parse error', '/Users/alairock...', 52)
#1 [internal function]: ErrorHandler::handleError(4, 'parse error', '/Users/alairock...', 52, Array)
#2 /Users/alairock/Sites/eatpaste/lib/Cake/Core/App.php(926): call_user_func('ErrorHandler::h...', 4, 'parse error', '/Users/alairock...', 52, Array)
#3 /Users/alairock/Sites/eatpaste/lib/Cake/Core/App.php(899): App::_checkFatalError()
#4 [internal function]: App::shutdown()
#5 {main}
2012-07-29 04:41:54 Error: Fatal Error (4): parse error in [/Users/alairock/Sites/eatpaste/app/View/Pages/home.ctp, line 52]
2012-07-29 04:41:54 Error: [FatalErrorException] parse error
#0 /Users/alairock/Sites/eatpaste/lib/Cake/Error/ErrorHandler.php(162): ErrorHandler::handleFatalError(4, 'parse error', '/Users/alairock...', 52)
#1 [internal function]: ErrorHandler::handleError(4, 'parse error', '/Users/alairock...', 52, Array)
#2 /Users/alairock/Sites/eatpaste/lib/Cake/Core/App.php(926): call_user_func('ErrorHandler::h...', 4, 'parse error', '/Users/alairock...', 52, Array)
#3 /Users/alairock/Sites/eatpaste/lib/Cake/Core/App.php(899): App::_checkFatalError()
#4 [internal function]: App::shutdown()
#5 {main}
2012-07-29 04:42:06 Error: Fatal Error (4): parse error in [/Users/alairock/Sites/eatpaste/app/View/Pages/home.ctp, line 69]
2012-07-29 04:42:06 Error: [FatalErrorException] parse error
#0 /Users/alairock/Sites/eatpaste/lib/Cake/Error/ErrorHandler.php(162): ErrorHandler::handleFatalError(4, 'parse error', '/Users/alairock...', 69)
#1 [internal function]: ErrorHandler::handleError(4, 'parse error', '/Users/alairock...', 69, Array)
#2 /Users/alairock/Sites/eatpaste/lib/Cake/Core/App.php(926): call_user_func('ErrorHandler::h...', 4, 'parse error', '/Users/alairock...', 69, Array)
#3 /Users/alairock/Sites/eatpaste/lib/Cake/Core/App.php(899): App::_checkFatalError()
#4 [internal function]: App::shutdown()
#5 {main}
2012-07-29 04:42:08 Error: Fatal Error (4): parse error in [/Users/alairock/Sites/eatpaste/app/View/Pages/home.ctp, line 69]
2012-07-29 04:42:08 Error: [FatalErrorException] parse error
#0 /Users/alairock/Sites/eatpaste/lib/Cake/Error/ErrorHandler.php(162): ErrorHandler::handleFatalError(4, 'parse error', '/Users/alairock...', 69)
#1 [internal function]: ErrorHandler::handleError(4, 'parse error', '/Users/alairock...', 69, Array)
#2 /Users/alairock/Sites/eatpaste/lib/Cake/Core/App.php(926): call_user_func('ErrorHandler::h...', 4, 'parse error', '/Users/alairock...', 69, Array)
#3 /Users/alairock/Sites/eatpaste/lib/Cake/Core/App.php(899): App::_checkFatalError()
#4 [internal function]: App::shutdown()
#5 {main}
2012-07-29 04:42:11 Error: Fatal Error (4): parse error in [/Users/alairock/Sites/eatpaste/app/View/Pages/home.ctp, line 69]
2012-07-29 04:42:11 Error: [FatalErrorException] parse error
#0 /Users/alairock/Sites/eatpaste/lib/Cake/Error/ErrorHandler.php(162): ErrorHandler::handleFatalError(4, 'parse error', '/Users/alairock...', 69)
#1 [internal function]: ErrorHandler::handleError(4, 'parse error', '/Users/alairock...', 69, Array)
#2 /Users/alairock/Sites/eatpaste/lib/Cake/Core/App.php(926): call_user_func('ErrorHandler::h...', 4, 'parse error', '/Users/alairock...', 69, Array)
#3 /Users/alairock/Sites/eatpaste/lib/Cake/Core/App.php(899): App::_checkFatalError()
#4 [internal function]: App::shutdown()
#5 {main}
2012-07-29 04:42:12 Error: Fatal Error (4): parse error in [/Users/alairock/Sites/eatpaste/app/View/Pages/home.ctp, line 69]
2012-07-29 04:42:12 Error: [FatalErrorException] parse error
#0 /Users/alairock/Sites/eatpaste/lib/Cake/Error/ErrorHandler.php(162): ErrorHandler::handleFatalError(4, 'parse error', '/Users/alairock...', 69)
#1 [internal function]: ErrorHandler::handleError(4, 'parse error', '/Users/alairock...', 69, Array)
#2 /Users/alairock/Sites/eatpaste/lib/Cake/Core/App.php(926): call_user_func('ErrorHandler::h...', 4, 'parse error', '/Users/alairock...', 69, Array)
#3 /Users/alairock/Sites/eatpaste/lib/Cake/Core/App.php(899): App::_checkFatalError()
#4 [internal function]: App::shutdown()
#5 {main}
2012-07-29 04:45:32 Error: Fatal Error (4): parse error in [/Users/alairock/Sites/eatpaste/app/Config/routes.php, line 31]
2012-07-29 04:45:32 Error: [FatalErrorException] parse error
#0 /Users/alairock/Sites/eatpaste/lib/Cake/Error/ErrorHandler.php(162): ErrorHandler::handleFatalError(4, 'parse error', '/Users/alairock...', 31)
#1 [internal function]: ErrorHandler::handleError(4, 'parse error', '/Users/alairock...', 31, Array)
#2 /Users/alairock/Sites/eatpaste/lib/Cake/Core/App.php(926): call_user_func('ErrorHandler::h...', 4, 'parse error', '/Users/alairock...', 31, Array)
#3 /Users/alairock/Sites/eatpaste/lib/Cake/Core/App.php(899): App::_checkFatalError()
#4 [internal function]: App::shutdown()
#5 {main}
2012-07-29 04:45:33 Error: Fatal Error (4): parse error in [/Users/alairock/Sites/eatpaste/app/Config/routes.php, line 31]
2012-07-29 04:45:33 Error: [FatalErrorException] parse error
#0 /Users/alairock/Sites/eatpaste/lib/Cake/Error/ErrorHandler.php(162): ErrorHandler::handleFatalError(4, 'parse error', '/Users/alairock...', 31)
#1 [internal function]: ErrorHandler::handleError(4, 'parse error', '/Users/alairock...', 31, Array)
#2 /Users/alairock/Sites/eatpaste/lib/Cake/Core/App.php(926): call_user_func('ErrorHandler::h...', 4, 'parse error', '/Users/alairock...', 31, Array)
#3 /Users/alairock/Sites/eatpaste/lib/Cake/Core/App.php(899): App::_checkFatalError()
#4 [internal function]: App::shutdown()
#5 {main}
2012-07-29 04:45:50 Error: Fatal Error (4): parse error in [/Users/alairock/Sites/eatpaste/app/Config/routes.php, line 31]
2012-07-29 04:45:50 Error: [FatalErrorException] parse error
#0 /Users/alairock/Sites/eatpaste/lib/Cake/Error/ErrorHandler.php(162): ErrorHandler::handleFatalError(4, 'parse error', '/Users/alairock...', 31)
#1 [internal function]: ErrorHandler::handleError(4, 'parse error', '/Users/alairock...', 31, Array)
#2 /Users/alairock/Sites/eatpaste/lib/Cake/Core/App.php(926): call_user_func('ErrorHandler::h...', 4, 'parse error', '/Users/alairock...', 31, Array)
#3 /Users/alairock/Sites/eatpaste/lib/Cake/Core/App.php(899): App::_checkFatalError()
#4 [internal function]: App::shutdown()
#5 {main}
2012-07-29 04:50:53 Error: [MissingControllerException] Controller class PastesController could not be found.
#0 /Users/alairock/Sites/eatpaste/app/webroot/index.php(92): Dispatcher->dispatch(Object(CakeRequest), Object(CakeResponse))
#1 {main}
2012-07-29 05:03:52 Error: [MissingActionException] Action AppController::webroot() could not be found.
#0 /Users/alairock/Sites/eatpaste/lib/Cake/Routing/Dispatcher.php(186): Controller->invokeAction(Object(CakeRequest))
#1 /Users/alairock/Sites/eatpaste/lib/Cake/Routing/Dispatcher.php(161): Dispatcher->_invoke(Object(AppController), Object(CakeRequest), Object(CakeResponse))
#2 /Users/alairock/Sites/eatpaste/app/webroot/index.php(92): Dispatcher->dispatch(Object(CakeRequest), Object(CakeResponse))
#3 {main}
2012-07-29 05:04:20 Error: [MissingActionException] Action AppController::webroot() could not be found.
#0 /Users/alairock/Sites/eatpaste/lib/Cake/Routing/Dispatcher.php(186): Controller->invokeAction(Object(CakeRequest))
#1 /Users/alairock/Sites/eatpaste/lib/Cake/Routing/Dispatcher.php(161): Dispatcher->_invoke(Object(AppController), Object(CakeRequest), Object(CakeResponse))
#2 /Users/alairock/Sites/eatpaste/app/webroot/index.php(92): Dispatcher->dispatch(Object(CakeRequest), Object(CakeResponse))
#3 {main}
2012-07-29 05:23:25 Error: Fatal Error (4): parse error, expecting `T_STRING' or `T_VARIABLE' or `T_NUM_STRING' in [/Users/alairock/Sites/eatpaste/app/View/Pages/home.ctp, line 5]
2012-07-29 05:23:25 Error: [FatalErrorException] parse error, expecting `T_STRING' or `T_VARIABLE' or `T_NUM_STRING'
#0 /Users/alairock/Sites/eatpaste/lib/Cake/Error/ErrorHandler.php(162): ErrorHandler::handleFatalError(4, 'parse error, ex...', '/Users/alairock...', 5)
#1 [internal function]: ErrorHandler::handleError(4, 'parse error, ex...', '/Users/alairock...', 5, Array)
#2 /Users/alairock/Sites/eatpaste/lib/Cake/Core/App.php(926): call_user_func('ErrorHandler::h...', 4, 'parse error, ex...', '/Users/alairock...', 5, Array)
#3 /Users/alairock/Sites/eatpaste/lib/Cake/Core/App.php(899): App::_checkFatalError()
#4 [internal function]: App::shutdown()
#5 {main}
2012-07-29 05:23:29 Error: Fatal Error (4): parse error, expecting `T_STRING' or `T_VARIABLE' or `T_NUM_STRING' in [/Users/alairock/Sites/eatpaste/app/View/Pages/home.ctp, line 5]
2012-07-29 05:23:29 Error: [FatalErrorException] parse error, expecting `T_STRING' or `T_VARIABLE' or `T_NUM_STRING'
#0 /Users/alairock/Sites/eatpaste/lib/Cake/Error/ErrorHandler.php(162): ErrorHandler::handleFatalError(4, 'parse error, ex...', '/Users/alairock...', 5)
#1 [internal function]: ErrorHandler::handleError(4, 'parse error, ex...', '/Users/alairock...', 5, Array)
#2 /Users/alairock/Sites/eatpaste/lib/Cake/Core/App.php(926): call_user_func('ErrorHandler::h...', 4, 'parse error, ex...', '/Users/alairock...', 5, Array)
#3 /Users/alairock/Sites/eatpaste/lib/Cake/Core/App.php(899): App::_checkFatalError()
#4 [internal function]: App::shutdown()
#5 {main}
2012-07-29 05:55:22 Error: Fatal Error (1): Call to undefined method View::redirect() in [/Users/alairock/Sites/eatpaste/app/View/Pages/home.ctp, line 10]
2012-07-29 05:55:22 Error: [FatalErrorException] Call to undefined method View::redirect()
#0 /Users/alairock/Sites/eatpaste/lib/Cake/Error/ErrorHandler.php(162): ErrorHandler::handleFatalError(1, 'Call to undefin...', '/Users/alairock...', 10)
#1 [internal function]: ErrorHandler::handleError(1, 'Call to undefin...', '/Users/alairock...', 10, Array)
#2 /Users/alairock/Sites/eatpaste/lib/Cake/Core/App.php(926): call_user_func('ErrorHandler::h...', 1, 'Call to undefin...', '/Users/alairock...', 10, Array)
#3 /Users/alairock/Sites/eatpaste/lib/Cake/Core/App.php(899): App::_checkFatalError()
#4 [internal function]: App::shutdown()
#5 {main}
2012-07-29 05:56:13 Error: Fatal Error (1): Call to undefined method View::redirect() in [/Users/alairock/Sites/eatpaste/app/View/Pages/home.ctp, line 10]
2012-07-29 05:56:13 Error: [FatalErrorException] Call to undefined method View::redirect()
#0 /Users/alairock/Sites/eatpaste/lib/Cake/Error/ErrorHandler.php(162): ErrorHandler::handleFatalError(1, 'Call to undefin...', '/Users/alairock...', 10)
#1 [internal function]: ErrorHandler::handleError(1, 'Call to undefin...', '/Users/alairock...', 10, Array)
#2 /Users/alairock/Sites/eatpaste/lib/Cake/Core/App.php(926): call_user_func('ErrorHandler::h...', 1, 'Call to undefin...', '/Users/alairock...', 10, Array)
#3 /Users/alairock/Sites/eatpaste/lib/Cake/Core/App.php(899): App::_checkFatalError()
#4 [internal function]: App::shutdown()
#5 {main}
2012-07-29 05:58:04 Error: Fatal Error (64): Can't use method return value in write context in [/Users/alairock/Sites/eatpaste/app/View/Pages/home.ctp, line 11]
2012-07-29 05:58:04 Error: [FatalErrorException] Can't use method return value in write context
#0 /Users/alairock/Sites/eatpaste/lib/Cake/Error/ErrorHandler.php(162): ErrorHandler::handleFatalError(64, 'Can't use metho...', '/Users/alairock...', 11)
#1 [internal function]: ErrorHandler::handleError(64, 'Can't use metho...', '/Users/alairock...', 11, Array)
#2 /Users/alairock/Sites/eatpaste/lib/Cake/Core/App.php(926): call_user_func('ErrorHandler::h...', 64, 'Can't use metho...', '/Users/alairock...', 11, Array)
#3 /Users/alairock/Sites/eatpaste/lib/Cake/Core/App.php(899): App::_checkFatalError()
#4 [internal function]: App::shutdown()
#5 {main}
2012-07-29 06:08:33 Error: Fatal Error (1): Call to a member function setAttribute() on a non-object in [/Users/alairock/Sites/eatpaste/app/View/Pages/home.ctp, line 4]
2012-07-29 06:08:33 Error: [FatalErrorException] Call to a member function setAttribute() on a non-object
#0 /Users/alairock/Sites/eatpaste/lib/Cake/Error/ErrorHandler.php(162): ErrorHandler::handleFatalError(1, 'Call to a membe...', '/Users/alairock...', 4)
#1 [internal function]: ErrorHandler::handleError(1, 'Call to a membe...', '/Users/alairock...', 4, Array)
#2 /Users/alairock/Sites/eatpaste/lib/Cake/Core/App.php(926): call_user_func('ErrorHandler::h...', 1, 'Call to a membe...', '/Users/alairock...', 4, Array)
#3 /Users/alairock/Sites/eatpaste/lib/Cake/Core/App.php(899): App::_checkFatalError()
#4 [internal function]: App::shutdown()
#5 {main}
2012-07-29 06:08:56 Error: Fatal Error (1): Call to a member function setAttribute() on a non-object in [/Users/alairock/Sites/eatpaste/app/View/Pages/home.ctp, line 4]
2012-07-29 06:08:56 Error: [FatalErrorException] Call to a member function setAttribute() on a non-object
#0 /Users/alairock/Sites/eatpaste/lib/Cake/Error/ErrorHandler.php(162): ErrorHandler::handleFatalError(1, 'Call to a membe...', '/Users/alairock...', 4)
#1 [internal function]: ErrorHandler::handleError(1, 'Call to a membe...', '/Users/alairock...', 4, Array)
#2 /Users/alairock/Sites/eatpaste/lib/Cake/Core/App.php(926): call_user_func('ErrorHandler::h...', 1, 'Call to a membe...', '/Users/alairock...', 4, Array)
#3 /Users/alairock/Sites/eatpaste/lib/Cake/Core/App.php(899): App::_checkFatalError()
#4 [internal function]: App::shutdown()
#5 {main}
2012-07-29 06:08:58 Error: Fatal Error (1): Call to a member function setAttribute() on a non-object in [/Users/alairock/Sites/eatpaste/app/View/Pages/home.ctp, line 4]
2012-07-29 06:08:58 Error: [FatalErrorException] Call to a member function setAttribute() on a non-object
#0 /Users/alairock/Sites/eatpaste/lib/Cake/Error/ErrorHandler.php(162): ErrorHandler::handleFatalError(1, 'Call to a membe...', '/Users/alairock...', 4)
#1 [internal function]: ErrorHandler::handleError(1, 'Call to a membe...', '/Users/alairock...', 4, Array)
#2 /Users/alairock/Sites/eatpaste/lib/Cake/Core/App.php(926): call_user_func('ErrorHandler::h...', 1, 'Call to a membe...', '/Users/alairock...', 4, Array)
#3 /Users/alairock/Sites/eatpaste/lib/Cake/Core/App.php(899): App::_checkFatalError()
#4 [internal function]: App::shutdown()
#5 {main}
2012-07-29 06:10:39 Error: [PDOException] SQLSTATE[28000] [1045] Access denied for user 'asdf'@'localhost' (using password: YES)
#0 /Users/alairock/Sites/eatpaste/app/View/Pages/home.ctp(4): PDO->__construct('mysql:host=;dbn...', 'asdf', 'asd')
#1 /Users/alairock/Sites/eatpaste/lib/Cake/View/View.php(920): include('/Users/alairock...')
#2 /Users/alairock/Sites/eatpaste/lib/Cake/View/View.php(883): View->_evaluate('/Users/alairock...', Array)
#3 /Users/alairock/Sites/eatpaste/lib/Cake/View/View.php(475): View->_render('/Users/alairock...')
#4 /Users/alairock/Sites/eatpaste/lib/Cake/Controller/Controller.php(957): View->render('home', NULL)
#5 /Users/alairock/Sites/eatpaste/app/Controller/PagesController.php(73): Controller->render('home')
#6 [internal function]: PagesController->display('home')
#7 /Users/alairock/Sites/eatpaste/lib/Cake/Controller/Controller.php(485): ReflectionMethod->invokeArgs(Object(PagesController), Array)
#8 /Users/alairock/Sites/eatpaste/lib/Cake/Routing/Dispatcher.php(186): Controller->invokeAction(Object(CakeRequest))
#9 /Users/alairock/Sites/eatpaste/lib/Cake/Routing/Dispatcher.php(161): Dispatcher->_invoke(Object(PagesController), Object(CakeRequest), Object(CakeResponse))
#10 /Users/alairock/Sites/eatpaste/app/webroot/index.php(92): Dispatcher->dispatch(Object(CakeRequest), Object(CakeResponse))
#11 {main}
2012-07-29 06:56:24 Error: [MissingControllerException] Controller class PastesController could not be found.
#0 /Users/alairock/Sites/eatpaste/app/webroot/index.php(92): Dispatcher->dispatch(Object(CakeRequest), Object(CakeResponse))
#1 {main}
2012-07-29 06:59:14 Error: [MissingControllerException] Controller class PastesController could not be found.
#0 /Users/alairock/Sites/eatpaste/app/webroot/index.php(92): Dispatcher->dispatch(Object(CakeRequest), Object(CakeResponse))
#1 {main}
2012-07-29 06:59:37 Error: [MissingControllerException] Controller class PastesController could not be found.
#0 /Users/alairock/Sites/eatpaste/app/webroot/index.php(92): Dispatcher->dispatch(Object(CakeRequest), Object(CakeResponse))
#1 {main}
2012-07-29 07:06:23 Error: Fatal Error (4): parse error in [/Users/alairock/Sites/eatpaste/app/View/Pages/home.ctp, line 9]
2012-07-29 07:06:23 Error: [FatalErrorException] parse error
#0 /Users/alairock/Sites/eatpaste/lib/Cake/Error/ErrorHandler.php(162): ErrorHandler::handleFatalError(4, 'parse error', '/Users/alairock...', 9)
#1 [internal function]: ErrorHandler::handleError(4, 'parse error', '/Users/alairock...', 9, Array)
#2 /Users/alairock/Sites/eatpaste/lib/Cake/Core/App.php(926): call_user_func('ErrorHandler::h...', 4, 'parse error', '/Users/alairock...', 9, Array)
#3 /Users/alairock/Sites/eatpaste/lib/Cake/Core/App.php(899): App::_checkFatalError()
#4 [internal function]: App::shutdown()
#5 {main}
2012-07-29 07:06:25 Error: Fatal Error (4): parse error in [/Users/alairock/Sites/eatpaste/app/View/Pages/home.ctp, line 9]
2012-07-29 07:06:25 Error: [FatalErrorException] parse error
#0 /Users/alairock/Sites/eatpaste/lib/Cake/Error/ErrorHandler.php(162): ErrorHandler::handleFatalError(4, 'parse error', '/Users/alairock...', 9)
#1 [internal function]: ErrorHandler::handleError(4, 'parse error', '/Users/alairock...', 9, Array)
#2 /Users/alairock/Sites/eatpaste/lib/Cake/Core/App.php(926): call_user_func('ErrorHandler::h...', 4, 'parse error', '/Users/alairock...', 9, Array)
#3 /Users/alairock/Sites/eatpaste/lib/Cake/Core/App.php(899): App::_checkFatalError()
#4 [internal function]: App::shutdown()
#5 {main}
2012-07-29 07:06:32 Error: Fatal Error (4): parse error in [/Users/alairock/Sites/eatpaste/app/View/Pages/home.ctp, line 9]
2012-07-29 07:06:32 Error: [FatalErrorException] parse error
#0 /Users/alairock/Sites/eatpaste/lib/Cake/Error/ErrorHandler.php(162): ErrorHandler::handleFatalError(4, 'parse error', '/Users/alairock...', 9)
#1 [internal function]: ErrorHandler::handleError(4, 'parse error', '/Users/alairock...', 9, Array)
#2 /Users/alairock/Sites/eatpaste/lib/Cake/Core/App.php(926): call_user_func('ErrorHandler::h...', 4, 'parse error', '/Users/alairock...', 9, Array)
#3 /Users/alairock/Sites/eatpaste/lib/Cake/Core/App.php(899): App::_checkFatalError()
#4 [internal function]: App::shutdown()
#5 {main}
2012-07-29 07:06:54 Error: Fatal Error (4): parse error in [/Users/alairock/Sites/eatpaste/app/View/Pages/home.ctp, line 9]
2012-07-29 07:06:54 Error: [FatalErrorException] parse error
#0 /Users/alairock/Sites/eatpaste/lib/Cake/Error/ErrorHandler.php(162): ErrorHandler::handleFatalError(4, 'parse error', '/Users/alairock...', 9)
#1 [internal function]: ErrorHandler::handleError(4, 'parse error', '/Users/alairock...', 9, Array)
#2 /Users/alairock/Sites/eatpaste/lib/Cake/Core/App.php(926): call_user_func('ErrorHandler::h...', 4, 'parse error', '/Users/alairock...', 9, Array)
#3 /Users/alairock/Sites/eatpaste/lib/Cake/Core/App.php(899): App::_checkFatalError()
#4 [internal function]: App::shutdown()
#5 {main}
2012-07-29 07:07:00 Error: Fatal Error (4): parse error in [/Users/alairock/Sites/eatpaste/app/View/Pages/home.ctp, line 9]
2012-07-29 07:07:00 Error: [FatalErrorException] parse error
#0 /Users/alairock/Sites/eatpaste/lib/Cake/Error/ErrorHandler.php(162): ErrorHandler::handleFatalError(4, 'parse error', '/Users/alairock...', 9)
#1 [internal function]: ErrorHandler::handleError(4, 'parse error', '/Users/alairock...', 9, Array)
#2 /Users/alairock/Sites/eatpaste/lib/Cake/Core/App.php(926): call_user_func('ErrorHandler::h...', 4, 'parse error', '/Users/alairock...', 9, Array)
#3 /Users/alairock/Sites/eatpaste/lib/Cake/Core/App.php(899): App::_checkFatalError()
#4 [internal function]: App::shutdown()
#5 {main}
2012-07-29 07:07:14 Error: Fatal Error (4): parse error in [/Users/alairock/Sites/eatpaste/app/View/Pages/home.ctp, line 9]
2012-07-29 07:07:14 Error: [FatalErrorException] parse error
#0 /Users/alairock/Sites/eatpaste/lib/Cake/Error/ErrorHandler.php(162): ErrorHandler::handleFatalError(4, 'parse error', '/Users/alairock...', 9)
#1 [internal function]: ErrorHandler::handleError(4, 'parse error', '/Users/alairock...', 9, Array)
#2 /Users/alairock/Sites/eatpaste/lib/Cake/Core/App.php(926): call_user_func('ErrorHandler::h...', 4, 'parse error', '/Users/alairock...', 9, Array)
#3 /Users/alairock/Sites/eatpaste/lib/Cake/Core/App.php(899): App::_checkFatalError()
#4 [internal function]: App::shutdown()
#5 {main}
2012-07-29 07:07:15 Error: Fatal Error (4): parse error in [/Users/alairock/Sites/eatpaste/app/View/Pages/home.ctp, line 9]
2012-07-29 07:07:15 Error: [FatalErrorException] parse error
#0 /Users/alairock/Sites/eatpaste/lib/Cake/Error/ErrorHandler.php(162): ErrorHandler::handleFatalError(4, 'parse error', '/Users/alairock...', 9)
#1 [internal function]: ErrorHandler::handleError(4, 'parse error', '/Users/alairock...', 9, Array)
#2 /Users/alairock/Sites/eatpaste/lib/Cake/Core/App.php(926): call_user_func('ErrorHandler::h...', 4, 'parse error', '/Users/alairock...', 9, Array)
#3 /Users/alairock/Sites/eatpaste/lib/Cake/Core/App.php(899): App::_checkFatalError()
#4 [internal function]: App::shutdown()
#5 {main}
2012-07-29 07:07:17 Error: Fatal Error (4): parse error in [/Users/alairock/Sites/eatpaste/app/View/Pages/home.ctp, line 9]
2012-07-29 07:07:17 Error: [FatalErrorException] parse error
#0 /Users/alairock/Sites/eatpaste/lib/Cake/Error/ErrorHandler.php(162): ErrorHandler::handleFatalError(4, 'parse error', '/Users/alairock...', 9)
#1 [internal function]: ErrorHandler::handleError(4, 'parse error', '/Users/alairock...', 9, Array)
#2 /Users/alairock/Sites/eatpaste/lib/Cake/Core/App.php(926): call_user_func('ErrorHandler::h...', 4, 'parse error', '/Users/alairock...', 9, Array)
#3 /Users/alairock/Sites/eatpaste/lib/Cake/Core/App.php(899): App::_checkFatalError()
#4 [internal function]: App::shutdown()
#5 {main}
2012-07-29 07:07:33 Error: Fatal Error (4): parse error in [/Users/alairock/Sites/eatpaste/app/View/Pages/home.ctp, line 9]
2012-07-29 07:07:33 Error: [FatalErrorException] parse error
#0 /Users/alairock/Sites/eatpaste/lib/Cake/Error/ErrorHandler.php(162): ErrorHandler::handleFatalError(4, 'parse error', '/Users/alairock...', 9)
#1 [internal function]: ErrorHandler::handleError(4, 'parse error', '/Users/alairock...', 9, Array)
#2 /Users/alairock/Sites/eatpaste/lib/Cake/Core/App.php(926): call_user_func('ErrorHandler::h...', 4, 'parse error', '/Users/alairock...', 9, Array)
#3 /Users/alairock/Sites/eatpaste/lib/Cake/Core/App.php(899): App::_checkFatalError()
#4 [internal function]: App::shutdown()
#5 {main}
2012-07-29 07:10:30 Error: [MissingControllerException] Controller class PastesController could not be found.
#0 /Users/alairock/Sites/eatpaste/app/webroot/index.php(92): Dispatcher->dispatch(Object(CakeRequest), Object(CakeResponse))
#1 {main}
2012-07-29 07:10:57 Error: [MissingControllerException] Controller class PastesController could not be found.
#0 /Users/alairock/Sites/eatpaste/app/webroot/index.php(92): Dispatcher->dispatch(Object(CakeRequest), Object(CakeResponse))
#1 {main}
2012-07-29 07:11:00 Error: [MissingControllerException] Controller class PastesController could not be found.
#0 /Users/alairock/Sites/eatpaste/app/webroot/index.php(92): Dispatcher->dispatch(Object(CakeRequest), Object(CakeResponse))
#1 {main}
2012-07-29 07:11:09 Error: [MissingControllerException] Controller class PastesController could not be found.
#0 /Users/alairock/Sites/eatpaste/app/webroot/index.php(92): Dispatcher->dispatch(Object(CakeRequest), Object(CakeResponse))
#1 {main}
2012-07-29 07:12:37 Error: [MissingControllerException] Controller class PastesController could not be found.
#0 /Users/alairock/Sites/eatpaste/app/webroot/index.php(92): Dispatcher->dispatch(Object(CakeRequest), Object(CakeResponse))
#1 {main}
